[2022-02-15 00:42:39:4239] [31merror[39m: [31mduplicate key value violates unique constraint "UQ_USER_EMAIL"[39m 

[2022-02-15 00:47:35:4735] [31merror[39m: [31mduplicate key value violates unique constraint "UQ_USER_EMAIL"[39m 

[2022-02-15 00:49:35:4935] [31merror[39m: [31mSignUpDto {[39m
[31m  username: 'Hipolito.Bednar',[39m
[31m  firstname: 'Summer',[39m
[31m  surname: 'Abernathy',[39m
[31m  email: 'Kaela_Reichel@yahoo.com',[39m
[31m  password: '47BirVndntBINeJ'[39m
[31m}[39m 

[2022-02-15 00:49:35:4935] [31merror[39m: [31mduplicate key value violates unique constraint "UQ_USER_EMAIL"[39m 

[2022-02-15 00:51:28:5128] [31merror[39m: [31mSignUpDto {[39m
[31m  username: 'Audra_Lang9',[39m
[31m  firstname: 'Monserrat',[39m
[31m  surname: 'Wisozk',[39m
[31m  email: 'Koby_Gerlach10@gmail.com',[39m
[31m  password: 'GI3OQvKAyVLA9bu'[39m
[31m}[39m 

[2022-02-15 00:51:28:5128] [31merror[39m: [31mduplicate key value violates unique constraint "UQ_USER_EMAIL"[39m 

[2022-02-15 00:52:28:5228] [32minfo[39m: [32mDatabase Connected!!![39m 

[2022-02-15 00:52:49:5249] [32minfo[39m: [32m[39m
[32m            ------------[39m
[32m            Server Started![39m
[32m            Http: http://localhost:4000[39m
[32m            -------------[39m
[32m          [39m 

[2022-02-15 00:52:49:5249] [32minfo[39m: [32mRedis: connected[39m 

[2022-02-15 00:52:49:5249] [32minfo[39m: [32mRedis: ready[39m 

[2022-02-15 00:53:29:5329] [32minfo[39m: [32mDatabase Connected!!![39m 

[2022-02-15 00:53:49:5349] [32minfo[39m: [32m[39m
[32m            ------------[39m
[32m            Server Started![39m
[32m            Http: http://localhost:4000[39m
[32m            -------------[39m
[32m          [39m 

[2022-02-15 00:53:49:5349] [32minfo[39m: [32mRedis: connected[39m 

[2022-02-15 00:53:49:5349] [32minfo[39m: [32mRedis: ready[39m 

[2022-02-15 00:53:57:5357] [35mhttp[39m: [35m::1 - POST /api/user/register HTTP/1.1 200 297 - 311.850 ms[39m
[35m[39m 

[2022-02-15 00:54:05:545] [35mhttp[39m: [35m::1 - POST /api/user/register HTTP/1.1 409 200 - 36.354 ms[39m
[35m[39m 

[2022-02-15 00:54:19:5419] [35mhttp[39m: [35m::1 - POST /api/user/register HTTP/1.1 200 297 - 252.491 ms[39m
[35m[39m 

[2022-02-15 00:54:28:5428] [35mhttp[39m: [35m::1 - POST /api/user/register HTTP/1.1 200 296 - 58.507 ms[39m
[35m[39m 

[2022-02-15 00:54:34:5434] [35mhttp[39m: [35m::1 - POST /api/user/register HTTP/1.1 409 200 - 77.858 ms[39m
[35m[39m 

[2022-02-15 01:24:55:2455] [32minfo[39m: [32mDatabase Connected!!![39m 

[2022-02-15 01:25:07:257] [32minfo[39m: [32m[39m
[32m            ------------[39m
[32m            Server Started![39m
[32m            Http: http://localhost:4000[39m
[32m            -------------[39m
[32m          [39m 

[2022-02-15 01:25:07:257] [32minfo[39m: [32mRedis: connected[39m 

[2022-02-15 01:25:07:257] [32minfo[39m: [32mRedis: ready[39m 

[2022-02-15 01:25:24:2524] [32minfo[39m: [32mDatabase Connected!!![39m 

[2022-02-15 01:25:36:2536] [32minfo[39m: [32m[39m
[32m            ------------[39m
[32m            Server Started![39m
[32m            Http: http://localhost:4000[39m
[32m            -------------[39m
[32m          [39m 

[2022-02-15 01:25:36:2536] [32minfo[39m: [32mRedis: connected[39m 

[2022-02-15 01:25:36:2536] [32minfo[39m: [32mRedis: ready[39m 

[2022-02-15 01:29:28:2928] [32minfo[39m: [32mDatabase Connected!!![39m 

[2022-02-15 01:29:40:2940] [32minfo[39m: [32m[39m
[32m            ------------[39m
[32m            Server Started![39m
[32m            Http: http://localhost:4000[39m
[32m            -------------[39m
[32m          [39m 

[2022-02-15 01:29:40:2940] [32minfo[39m: [32mRedis: connected[39m 

[2022-02-15 01:29:40:2940] [32minfo[39m: [32mRedis: ready[39m 

[2022-02-15 02:45:48:4548] [32minfo[39m: [32mDatabase Connected!!![39m 

[2022-02-15 03:42:09:429] [32minfo[39m: [32mDatabase Connected!!![39m 

[2022-02-15 03:42:21:4221] [32minfo[39m: [32m[39m
[32m            ------------[39m
[32m            Server Started![39m
[32m            Http: http://localhost:4000[39m
[32m            -------------[39m
[32m          [39m 

[2022-02-15 03:42:21:4221] [32minfo[39m: [32mRedis: connected[39m 

[2022-02-15 03:42:21:4221] [32minfo[39m: [32mRedis: ready[39m 

[2022-02-15 03:43:00:430] [35mhttp[39m: [35m::1 - POST /api/user/register HTTP/1.1 400 193 - 21.683 ms[39m
[35m[39m 

[2022-02-15 03:52:32:5232] [32minfo[39m: [32mDatabase Connected!!![39m 

[2022-02-15 03:52:43:5243] [32minfo[39m: [32m[39m
[32m            ------------[39m
[32m            Server Started![39m
[32m            Http: http://localhost:4000[39m
[32m            -------------[39m
[32m          [39m 

[2022-02-15 03:52:43:5243] [32minfo[39m: [32mRedis: connected[39m 

[2022-02-15 03:52:43:5243] [32minfo[39m: [32mRedis: ready[39m 

[2022-02-15 03:52:57:5257] [35mhttp[39m: [35m::1 - POST /api/users HTTP/1.1 400 193 - 13.781 ms[39m
[35m[39m 

[2022-02-15 03:53:03:533] [35mhttp[39m: [35m::1 - POST /api/users HTTP/1.1 409 200 - 113.803 ms[39m
[35m[39m 

[2022-02-15 03:54:35:5435] [35mhttp[39m: [35m::1 - POST /api/auth/login HTTP/1.1 404 183 - 104.162 ms[39m
[35m[39m 

[2022-02-15 03:55:25:5525] [35mhttp[39m: [35m::1 - POST /api/users HTTP/1.1 200 302 - 91.467 ms[39m
[35m[39m 

[2022-02-15 03:55:32:5532] [32minfo[39m: [32mToken Cache added for User: fd1ec2e5-63f7-4006-bfe9-e37956093174[39m 

[2022-02-15 03:55:32:5532] [35mhttp[39m: [35m::1 - POST /api/auth/login HTTP/1.1 200 1307 - 31.414 ms[39m
[35m[39m 

[2022-02-15 03:55:56:5556] [35mhttp[39m: [35m::1 - GET /api/users/566878677986876 HTTP/1.1 200 304 - 73.575 ms[39m
[35m[39m 

[2022-02-15 04:00:53:053] [32minfo[39m: [32mDatabase Connected!!![39m 

[2022-02-15 04:01:04:14] [32minfo[39m: [32m[39m
[32m            ------------[39m
[32m            Server Started![39m
[32m            Http: http://localhost:4000[39m
[32m            -------------[39m
[32m          [39m 

[2022-02-15 04:01:04:14] [32minfo[39m: [32mRedis: connected[39m 

[2022-02-15 04:01:04:14] [32minfo[39m: [32mRedis: ready[39m 

[2022-02-15 04:01:26:126] [35mhttp[39m: [35m::1 - GET /api/users/566878677986876 HTTP/1.1 401 186 - 8.402 ms[39m
[35m[39m 

[2022-02-15 04:01:31:131] [32minfo[39m: [32mToken Cache added for User: fd1ec2e5-63f7-4006-bfe9-e37956093174[39m 

[2022-02-15 04:01:31:131] [35mhttp[39m: [35m::1 - POST /api/auth/login HTTP/1.1 200 1307 - 133.094 ms[39m
[35m[39m 

[2022-02-15 04:02:08:28] [35mhttp[39m: [35m::1 - GET /api/users/566878677986876 HTTP/1.1 200 304 - 81.768 ms[39m
[35m[39m 

[2022-02-15 04:02:36:236] [32minfo[39m: [32mDatabase Connected!!![39m 

[2022-02-15 04:02:47:247] [32minfo[39m: [32m[39m
[32m            ------------[39m
[32m            Server Started![39m
[32m            Http: http://localhost:4000[39m
[32m            -------------[39m
[32m          [39m 

[2022-02-15 04:02:47:247] [32minfo[39m: [32mRedis: connected[39m 

[2022-02-15 04:02:47:247] [32minfo[39m: [32mRedis: ready[39m 

[2022-02-15 04:02:57:257] [35mhttp[39m: [35m::1 - GET /api/users/566878677986876 HTTP/1.1 200 304 - 83.439 ms[39m
[35m[39m 

[2022-02-15 04:03:14:314] [35mhttp[39m: [35m::1 - GET /api/users/fd1ec2e5-63f7-4006-bfe9-e37956093174 HTTP/1.1 404 185 - 18.542 ms[39m
[35m[39m 

[2022-02-15 04:03:30:330] [35mhttp[39m: [35m::1 - GET /api/users/fd1ec2e5-63f7-4006-bfe9-e37956093174 HTTP/1.1 404 185 - 1.649 ms[39m
[35m[39m 

[2022-02-15 04:04:26:426] [32minfo[39m: [32mDatabase Connected!!![39m 

[2022-02-15 04:04:37:437] [32minfo[39m: [32m[39m
[32m            ------------[39m
[32m            Server Started![39m
[32m            Http: http://localhost:4000[39m
[32m            -------------[39m
[32m          [39m 

[2022-02-15 04:04:37:437] [32minfo[39m: [32mRedis: connected[39m 

[2022-02-15 04:04:37:437] [32minfo[39m: [32mRedis: ready[39m 

[2022-02-15 04:04:42:442] [35mhttp[39m: [35m::1 - GET /api/users/fd1ec2e5-63f7-4006-bfe9-e37956093174 HTTP/1.1 404 185 - 12.468 ms[39m
[35m[39m 

[2022-02-15 04:04:54:454] [35mhttp[39m: [35m::1 - GET /api/users/fd1ec2 HTTP/1.1 404 155 - 1.988 ms[39m
[35m[39m 

[2022-02-15 04:05:01:51] [35mhttp[39m: [35m::1 - GET /api/users/45645656 HTTP/1.1 200 304 - 86.540 ms[39m
[35m[39m 

[2022-02-15 04:05:48:548] [32minfo[39m: [32mDatabase Connected!!![39m 

[2022-02-15 04:05:59:559] [32minfo[39m: [32m[39m
[32m            ------------[39m
[32m            Server Started![39m
[32m            Http: http://localhost:4000[39m
[32m            -------------[39m
[32m          [39m 

[2022-02-15 04:05:59:559] [32minfo[39m: [32mRedis: connected[39m 

[2022-02-15 04:05:59:559] [32minfo[39m: [32mRedis: ready[39m 

[2022-02-15 04:08:33:833] [32minfo[39m: [32mDatabase Connected!!![39m 

[2022-02-15 04:08:44:844] [32minfo[39m: [32m[39m
[32m            ------------[39m
[32m            Server Started![39m
[32m            Http: http://localhost:4000[39m
[32m            -------------[39m
[32m          [39m 

[2022-02-15 04:08:44:844] [32minfo[39m: [32mRedis: connected[39m 

[2022-02-15 04:08:44:844] [32minfo[39m: [32mRedis: ready[39m 

[2022-02-15 04:08:54:854] [35mhttp[39m: [35m::1 - GET /api/users/45645656 HTTP/1.1 401 186 - 7.047 ms[39m
[35m[39m 

[2022-02-15 04:08:58:858] [32minfo[39m: [32mToken Cache added for User: fd1ec2e5-63f7-4006-bfe9-e37956093174[39m 

[2022-02-15 04:08:58:858] [35mhttp[39m: [35m::1 - POST /api/auth/login HTTP/1.1 200 1307 - 125.359 ms[39m
[35m[39m 

[2022-02-15 04:09:28:928] [35mhttp[39m: [35m::1 - GET /api/users/45645656 HTTP/1.1 200 304 - 79.448 ms[39m
[35m[39m 

[2022-02-15 04:09:41:941] [35mhttp[39m: [35m::1 - GET /api/users/fd1ec2e5-63f7-4006-bfe9-e37956093174 HTTP/1.1 404 185 - 16.713 ms[39m
[35m[39m 

[2022-02-15 04:09:54:954] [35mhttp[39m: [35m::1 - GET /api/users/:fd1ec2e5-63f7-4006-bfe9-e37956093174 HTTP/1.1 404 186 - 1.761 ms[39m
[35m[39m 

[2022-02-15 04:12:17:1217] [35mhttp[39m: [35m::1 - GET /api/users/fd1ec2e5-63f7-4006-bfe9-e37956093174 HTTP/1.1 404 185 - 0.987 ms[39m
[35m[39m 

[2022-02-15 04:12:34:1234] [35mhttp[39m: [35m::1 - GET /api/users/12343e56r5 HTTP/1.1 404 159 - 2.423 ms[39m
[35m[39m 

[2022-02-15 04:12:40:1240] [35mhttp[39m: [35m::1 - GET /api/users/123467678 HTTP/1.1 200 304 - 70.948 ms[39m
[35m[39m 

[2022-02-15 04:13:04:134] [32minfo[39m: [32mDatabase Connected!!![39m 

[2022-02-15 04:13:15:1315] [32minfo[39m: [32m[39m
[32m            ------------[39m
[32m            Server Started![39m
[32m            Http: http://localhost:4000[39m
[32m            -------------[39m
[32m          [39m 

[2022-02-15 04:13:15:1315] [32minfo[39m: [32mRedis: connected[39m 

[2022-02-15 04:13:15:1315] [32minfo[39m: [32mRedis: ready[39m 

[2022-02-15 04:15:30:1530] [32minfo[39m: [32mToken Cache added for User: fd1ec2e5-63f7-4006-bfe9-e37956093174[39m 

[2022-02-15 04:15:30:1530] [35mhttp[39m: [35m::1 - POST /api/auth/login HTTP/1.1 200 1307 - 137.550 ms[39m
[35m[39m 

[2022-02-15 04:16:24:1624] [35mhttp[39m: [35m::1 - GET /api/users/ HTTP/1.1 404 149 - 1.219 ms[39m
[35m[39m 

[2022-02-15 04:17:17:1717] [32minfo[39m: [32mDatabase Connected!!![39m 

[2022-02-15 04:17:28:1728] [32minfo[39m: [32m[39m
[32m            ------------[39m
[32m            Server Started![39m
[32m            Http: http://localhost:4000[39m
[32m            -------------[39m
[32m          [39m 

[2022-02-15 04:17:28:1728] [32minfo[39m: [32mRedis: connected[39m 

[2022-02-15 04:17:28:1728] [32minfo[39m: [32mRedis: ready[39m 

[2022-02-15 04:17:41:1741] [35mhttp[39m: [35m::1 - GET /api/users/ HTTP/1.1 404 149 - 1.915 ms[39m
[35m[39m 

[2022-02-15 04:19:51:1951] [32minfo[39m: [32mDatabase Connected!!![39m 

[2022-02-15 04:20:03:203] [32minfo[39m: [32m[39m
[32m            ------------[39m
[32m            Server Started![39m
[32m            Http: http://localhost:4000[39m
[32m            -------------[39m
[32m          [39m 

[2022-02-15 04:20:03:203] [32minfo[39m: [32mRedis: connected[39m 

[2022-02-15 04:20:03:203] [32minfo[39m: [32mRedis: ready[39m 

[2022-02-15 04:20:07:207] [35mhttp[39m: [35m::1 - GET /api/users/ HTTP/1.1 404 149 - 2.253 ms[39m
[35m[39m 

[2022-02-15 04:20:38:2038] [35mhttp[39m: [35m::1 - GET /api/uses/ HTTP/1.1 404 148 - 0.824 ms[39m
[35m[39m 

[2022-02-15 04:25:59:2559] [32minfo[39m: [32mDatabase Connected!!![39m 

[2022-02-15 04:26:10:2610] [32minfo[39m: [32m[39m
[32m            ------------[39m
[32m            Server Started![39m
[32m            Http: http://localhost:4000[39m
[32m            -------------[39m
[32m          [39m 

[2022-02-15 04:26:10:2610] [32minfo[39m: [32mRedis: connected[39m 

[2022-02-15 04:26:10:2610] [32minfo[39m: [32mRedis: ready[39m 

[2022-02-15 04:26:19:2619] [35mhttp[39m: [35m::1 - GET /api/uses/ HTTP/1.1 404 148 - 1.863 ms[39m
[35m[39m 

[2022-02-15 04:26:34:2634] [35mhttp[39m: [35m::1 - GET /api/users/ HTTP/1.1 404 149 - 0.834 ms[39m
[35m[39m 

[2022-02-15 04:26:55:2655] [32minfo[39m: [32mDatabase Connected!!![39m 

[2022-02-15 04:27:07:277] [32minfo[39m: [32m[39m
[32m            ------------[39m
[32m            Server Started![39m
[32m            Http: http://localhost:4000[39m
[32m            -------------[39m
[32m          [39m 

[2022-02-15 04:27:07:277] [32minfo[39m: [32mRedis: connected[39m 

[2022-02-15 04:27:07:277] [32minfo[39m: [32mRedis: ready[39m 

[2022-02-15 04:27:14:2714] [32minfo[39m: [32mDatabase Connected!!![39m 

[2022-02-15 04:27:25:2725] [32minfo[39m: [32m[39m
[32m            ------------[39m
[32m            Server Started![39m
[32m            Http: http://localhost:4000[39m
[32m            -------------[39m
[32m          [39m 

[2022-02-15 04:27:25:2725] [32minfo[39m: [32mRedis: connected[39m 

[2022-02-15 04:27:25:2725] [32minfo[39m: [32mRedis: ready[39m 

[2022-02-15 04:27:29:2729] [35mhttp[39m: [35m::1 - GET /api/users/ HTTP/1.1 404 149 - 1.838 ms[39m
[35m[39m 

[2022-02-15 04:27:47:2747] [32minfo[39m: [32mDatabase Connected!!![39m 

[2022-02-15 04:27:58:2758] [32minfo[39m: [32m[39m
[32m            ------------[39m
[32m            Server Started![39m
[32m            Http: http://localhost:4000[39m
[32m            -------------[39m
[32m          [39m 

[2022-02-15 04:27:58:2758] [32minfo[39m: [32mRedis: connected[39m 

[2022-02-15 04:27:58:2758] [32minfo[39m: [32mRedis: ready[39m 

[2022-02-15 04:31:15:3115] [32minfo[39m: [32mDatabase Connected!!![39m 

[2022-02-15 04:31:26:3126] [32minfo[39m: [32m[39m
[32m            ------------[39m
[32m            Server Started![39m
[32m            Http: http://localhost:4000[39m
[32m            -------------[39m
[32m          [39m 

[2022-02-15 04:31:26:3126] [32minfo[39m: [32mRedis: connected[39m 

[2022-02-15 04:31:26:3126] [32minfo[39m: [32mRedis: ready[39m 

[2022-02-15 04:31:31:3131] [35mhttp[39m: [35m::1 - GET /api/users/fd1ec2e5-63f7-4006-bfe9-e37956093174 HTTP/1.1 200 304 - 87.705 ms[39m
[35m[39m 

[2022-02-15 04:36:47:3647] [32minfo[39m: [32mDatabase Connected!!![39m 

[2022-02-15 04:36:58:3658] [32minfo[39m: [32m[39m
[32m            ------------[39m
[32m            Server Started![39m
[32m            Http: http://localhost:4000[39m
[32m            -------------[39m
[32m          [39m 

[2022-02-15 04:36:58:3658] [32minfo[39m: [32mRedis: connected[39m 

[2022-02-15 04:36:58:3658] [32minfo[39m: [32mRedis: ready[39m 

[2022-02-15 04:37:03:373] [35mhttp[39m: [35m::1 - GET /api/users/fd1ec2e5-63f7-4006-bfe9-e37956093174 HTTP/1.1 200 304 - 83.977 ms[39m
[35m[39m 

[2022-02-15 04:37:15:3715] [32minfo[39m: [32mDatabase Connected!!![39m 

[2022-02-15 04:37:26:3726] [32minfo[39m: [32m[39m
[32m            ------------[39m
[32m            Server Started![39m
[32m            Http: http://localhost:4000[39m
[32m            -------------[39m
[32m          [39m 

[2022-02-15 04:37:26:3726] [32minfo[39m: [32mRedis: connected[39m 

[2022-02-15 04:37:26:3726] [32minfo[39m: [32mRedis: ready[39m 

[2022-02-15 04:37:30:3730] [35mhttp[39m: [35m::1 - GET /api/users/fd1ec2e5-63f7-4006-bfe9-e37956093174 HTTP/1.1 200 304 - 85.481 ms[39m
[35m[39m 

[2022-02-15 04:37:44:3744] [32minfo[39m: [32mDatabase Connected!!![39m 

[2022-02-15 04:37:55:3755] [32minfo[39m: [32m[39m
[32m            ------------[39m
[32m            Server Started![39m
[32m            Http: http://localhost:4000[39m
[32m            -------------[39m
[32m          [39m 

[2022-02-15 04:37:55:3755] [32minfo[39m: [32mRedis: connected[39m 

[2022-02-15 04:37:55:3755] [32minfo[39m: [32mRedis: ready[39m 

[2022-02-15 04:38:06:386] [35mhttp[39m: [35m::1 - GET /api/users/fd1ec2e5-63f7-4006-bfe9-e37956093174 HTTP/1.1 200 304 - 83.595 ms[39m
[35m[39m 

[2022-02-15 04:38:16:3816] [32minfo[39m: [32mDatabase Connected!!![39m 

[2022-02-15 04:38:27:3827] [32minfo[39m: [32m[39m
[32m            ------------[39m
[32m            Server Started![39m
[32m            Http: http://localhost:4000[39m
[32m            -------------[39m
[32m          [39m 

[2022-02-15 04:38:27:3827] [32minfo[39m: [32mRedis: connected[39m 

[2022-02-15 04:38:27:3827] [32minfo[39m: [32mRedis: ready[39m 

[2022-02-15 04:38:59:3859] [35mhttp[39m: [35m::1 - GET /api/users/fd1ec2e5-63f7-4006-bfe9-e37956093174 HTTP/1.1 200 304 - 100.535 ms[39m
[35m[39m 

[2022-02-15 04:39:52:3952] [32minfo[39m: [32mDatabase Connected!!![39m 

[2022-02-15 04:40:04:404] [32minfo[39m: [32m[39m
[32m            ------------[39m
[32m            Server Started![39m
[32m            Http: http://localhost:4000[39m
[32m            -------------[39m
[32m          [39m 

[2022-02-15 04:40:04:404] [32minfo[39m: [32mRedis: connected[39m 

[2022-02-15 04:40:04:404] [32minfo[39m: [32mRedis: ready[39m 

[2022-02-15 04:43:46:4346] [32minfo[39m: [32mDatabase Connected!!![39m 

[2022-02-15 04:43:57:4357] [32minfo[39m: [32m[39m
[32m            ------------[39m
[32m            Server Started![39m
[32m            Http: http://localhost:4000[39m
[32m            -------------[39m
[32m          [39m 

[2022-02-15 04:43:57:4357] [32minfo[39m: [32mRedis: connected[39m 

[2022-02-15 04:43:57:4357] [32minfo[39m: [32mRedis: ready[39m 

[2022-02-15 04:44:14:4414] [35mhttp[39m: [35m::1 - GET /api/users/fd1ec2e5-63f7-4006-bfe9-e37956093174 HTTP/1.1 400 190 - 6.225 ms[39m
[35m[39m 

[2022-02-15 04:44:44:4444] [32minfo[39m: [32mDatabase Connected!!![39m 

[2022-02-15 04:44:55:4455] [32minfo[39m: [32m[39m
[32m            ------------[39m
[32m            Server Started![39m
[32m            Http: http://localhost:4000[39m
[32m            -------------[39m
[32m          [39m 

[2022-02-15 04:44:55:4455] [32minfo[39m: [32mRedis: connected[39m 

[2022-02-15 04:44:55:4455] [32minfo[39m: [32mRedis: ready[39m 

[2022-02-15 04:45:27:4527] [32minfo[39m: [32mDatabase Connected!!![39m 

[2022-02-15 04:45:38:4538] [32minfo[39m: [32m[39m
[32m            ------------[39m
[32m            Server Started![39m
[32m            Http: http://localhost:4000[39m
[32m            -------------[39m
[32m          [39m 

[2022-02-15 04:45:38:4538] [32minfo[39m: [32mRedis: connected[39m 

[2022-02-15 04:45:38:4538] [32minfo[39m: [32mRedis: ready[39m 

[2022-02-15 04:45:56:4556] [35mhttp[39m: [35m::1 - GET /api/users/fd1ec2e5-63f7-4006-bfe9-e37956093174 HTTP/1.1 400 190 - 5.246 ms[39m
[35m[39m 

[2022-02-15 04:46:28:4628] [32minfo[39m: [32mDatabase Connected!!![39m 

[2022-02-15 04:46:39:4639] [32minfo[39m: [32m[39m
[32m            ------------[39m
[32m            Server Started![39m
[32m            Http: http://localhost:4000[39m
[32m            -------------[39m
[32m          [39m 

[2022-02-15 04:46:39:4639] [32minfo[39m: [32mRedis: connected[39m 

[2022-02-15 04:46:39:4639] [32minfo[39m: [32mRedis: ready[39m 

[2022-02-15 04:46:42:4642] [35mhttp[39m: [35m::1 - GET /api/users/fd1ec2e5-63f7-4006-bfe9-e37956093174 HTTP/1.1 200 304 - 84.066 ms[39m
[35m[39m 

[2022-02-15 04:48:32:4832] [32minfo[39m: [32mDatabase Connected!!![39m 

[2022-02-15 04:48:43:4843] [32minfo[39m: [32m[39m
[32m            ------------[39m
[32m            Server Started![39m
[32m            Http: http://localhost:4000[39m
[32m            -------------[39m
[32m          [39m 

[2022-02-15 04:48:43:4843] [32minfo[39m: [32mRedis: connected[39m 

[2022-02-15 04:48:43:4843] [32minfo[39m: [32mRedis: ready[39m 

[2022-02-15 04:49:47:4947] [32minfo[39m: [32mDatabase Connected!!![39m 

[2022-02-15 04:49:58:4958] [32minfo[39m: [32m[39m
[32m            ------------[39m
[32m            Server Started![39m
[32m            Http: http://localhost:4000[39m
[32m            -------------[39m
[32m          [39m 

[2022-02-15 04:49:58:4958] [32minfo[39m: [32mRedis: connected[39m 

[2022-02-15 04:49:58:4958] [32minfo[39m: [32mRedis: ready[39m 

[2022-02-21 18:03:00:30] [32minfo[39m: [32mDatabase Connected!!![39m 

[2022-02-21 18:03:12:312] [32minfo[39m: [32m[39m
[32m            ------------[39m
[32m            Server Started![39m
[32m            Http: http://localhost:4000[39m
[32m            -------------[39m
[32m          [39m 

[2022-02-21 18:03:12:312] [31merror[39m: [31mRedis: Error: connect ECONNREFUSED 127.0.0.1:6379[39m 

[2022-02-21 18:03:12:312] [32minfo[39m: [32mRedis: reconnecting[39m 

[2022-02-21 18:03:13:313] [31merror[39m: [31mRedis: Error: connect ECONNREFUSED 127.0.0.1:6379[39m 

[2022-02-21 18:03:13:313] [32minfo[39m: [32mRedis: reconnecting[39m 

[2022-02-21 18:03:13:313] [31merror[39m: [31mRedis: Error: connect ECONNREFUSED 127.0.0.1:6379[39m 

[2022-02-21 18:03:13:313] [32minfo[39m: [32mRedis: reconnecting[39m 

[2022-02-21 18:03:13:313] [31merror[39m: [31mRedis: Error: connect ECONNREFUSED 127.0.0.1:6379[39m 

[2022-02-21 18:03:13:313] [32minfo[39m: [32mRedis: reconnecting[39m 

[2022-02-21 18:03:13:313] [31merror[39m: [31mRedis: Error: connect ECONNREFUSED 127.0.0.1:6379[39m 

[2022-02-21 18:03:13:313] [32minfo[39m: [32mRedis: reconnecting[39m 

[2022-02-21 18:03:13:313] [31merror[39m: [31mRedis: Error: connect ECONNREFUSED 127.0.0.1:6379[39m 

[2022-02-21 18:03:13:313] [32minfo[39m: [32mRedis: reconnecting[39m 

[2022-02-21 18:03:14:314] [31merror[39m: [31mRedis: Error: connect ECONNREFUSED 127.0.0.1:6379[39m 

[2022-02-21 18:03:14:314] [32minfo[39m: [32mRedis: reconnecting[39m 

[2022-02-21 18:03:14:314] [31merror[39m: [31mRedis: Error: connect ECONNREFUSED 127.0.0.1:6379[39m 

[2022-02-21 18:03:14:314] [32minfo[39m: [32mRedis: reconnecting[39m 

[2022-02-21 18:03:14:314] [31merror[39m: [31mRedis: Error: connect ECONNREFUSED 127.0.0.1:6379[39m 

[2022-02-21 18:03:14:314] [32minfo[39m: [32mRedis: reconnecting[39m 

[2022-02-21 18:03:15:315] [31merror[39m: [31mRedis: Error: connect ECONNREFUSED 127.0.0.1:6379[39m 

[2022-02-21 18:03:15:315] [32minfo[39m: [32mRedis: reconnecting[39m 

[2022-02-21 18:03:15:315] [31merror[39m: [31mRedis: Error: connect ECONNREFUSED 127.0.0.1:6379[39m 

[2022-02-21 18:03:15:315] [32minfo[39m: [32mRedis: reconnecting[39m 

[2022-02-21 18:03:16:316] [31merror[39m: [31mRedis: Error: connect ECONNREFUSED 127.0.0.1:6379[39m 

[2022-02-21 18:03:16:316] [32minfo[39m: [32mRedis: reconnecting[39m 

[2022-02-21 18:03:16:316] [31merror[39m: [31mRedis: Error: connect ECONNREFUSED 127.0.0.1:6379[39m 

[2022-02-21 18:03:16:316] [32minfo[39m: [32mRedis: reconnecting[39m 

[2022-02-21 18:03:17:317] [31merror[39m: [31mRedis: Error: connect ECONNREFUSED 127.0.0.1:6379[39m 

[2022-02-21 18:03:17:317] [32minfo[39m: [32mRedis: reconnecting[39m 

[2022-02-21 18:03:18:318] [31merror[39m: [31mRedis: Error: connect ECONNREFUSED 127.0.0.1:6379[39m 

[2022-02-21 18:03:18:318] [32minfo[39m: [32mRedis: reconnecting[39m 

[2022-02-21 18:03:19:319] [31merror[39m: [31mRedis: Error: connect ECONNREFUSED 127.0.0.1:6379[39m 

[2022-02-21 18:03:19:319] [32minfo[39m: [32mRedis: reconnecting[39m 

[2022-02-21 18:03:19:319] [32minfo[39m: [32mRedis: connected[39m 

[2022-02-21 18:03:19:319] [32minfo[39m: [32mRedis: ready[39m 

[2022-02-21 18:03:51:351] [32minfo[39m: [32mToken Cache added for User: fd1ec2e5-63f7-4006-bfe9-e37956093174[39m 

[2022-02-21 18:03:51:351] [35mhttp[39m: [35m::1 - POST /api/auth/login HTTP/1.1 200 1307 - 180.221 ms[39m
[35m[39m 

